<?xml version="1.0" encoding="UTF-8"?>
<!-- Generated by org.testng.reporters.JUnitXMLReporter -->
<testsuite ignored="0" hostname="MamtaOffice" failures="1" tests="3" name="Test" time="0.146" errors="0" timestamp="2021-02-04T12:03:12 EST">
  <testcase classname="TestNGProj.Test004" name="Test2" time="0.024">
    <failure type="java.lang.AssertionError" message="null">
      <![CDATA[java.lang.AssertionError: null
at TestNGProj.Test004.Test2(Test004.java:14)
at java.base/java.util.ArrayList.forEach(ArrayList.java:1540)
... Removed 29 stack frames]]>
    </failure>
  </testcase> <!-- Test2 -->
  <testcase classname="TestNGProj.Test004" name="Test3" time="0.004"/>
  <testcase classname="TestNGProj.Test004" name="Test1" time="0.0">
    <skipped/>
  </testcase> <!-- Test1 -->
</testsuite> <!-- Test -->
