<?xml version="1.0" encoding="UTF-8"?>
<!-- Generated by org.testng.reporters.JUnitXMLReporter -->
<testsuite ignored="0" hostname="MamtaOffice" failures="0" tests="6" name="Sanity Tests" time="0.151" errors="0" timestamp="2021-02-03T10:32:24 EST">
  <testcase classname="TestNGProj.Test001" name="Test1" time="0.015"/>
  <testcase classname="TestNGProj.Test001" name="Test2" time="0.004"/>
  <testcase classname="TestNGProj.Test001" name="Test3" time="0.002"/>
  <testcase classname="TestNGProj.Test002" name="Test1" time="0.009"/>
  <testcase classname="TestNGProj.Test002" name="Test2" time="0.008"/>
  <testcase classname="TestNGProj.Test002" name="Test3" time="0.007"/>
</testsuite> <!-- Sanity Tests -->
